<?xml version="1.0" encoding="UTF-8"?>
<!-- Generated by org.testng.reporters.JUnitReportReporter -->
<testsuite hostname="DESKTOP-5OKN5RH" name="testngscripts.File_uploading" tests="1" failures="0" timestamp="15 Dec 2020 02:15:19 GMT" time="9.155" errors="0">
  <testcase name="uploadingfiles" time="9.155" classname="testngscripts.File_uploading"/>
</testsuite> <!-- testngscripts.File_uploading -->
