<?xml version="1.0" encoding="UTF-8"?>
<!-- Generated by org.testng.reporters.JUnitReportReporter -->
<testsuite hostname="DESKTOP-5OKN5RH" name="testngscripts.Alert_script" tests="1" failures="0" timestamp="23 Dec 2020 02:17:10 GMT" time="5.683" errors="0">
  <testcase name="Alertmethod" time="5.683" classname="testngscripts.Alert_script"/>
</testsuite> <!-- testngscripts.Alert_script -->
