<?xml version="1.0" encoding="UTF-8"?>
<!-- Generated by org.testng.reporters.JUnitReportReporter -->
<testsuite hostname="DESKTOP-5OKN5RH" name="testngscripts.Datadriventesting_apachepoi" tests="1" failures="0" timestamp="22 Dec 2020 02:02:41 GMT" time="63.478" errors="0">
  <testcase name="Readexceldata" time="63.478" classname="testngscripts.Datadriventesting_apachepoi"/>
</testsuite> <!-- testngscripts.Datadriventesting_apachepoi -->
