<?xml version="1.0" encoding="UTF-8"?>
<!-- Generated by org.testng.reporters.JUnitReportReporter -->
<testsuite hostname="DESKTOP-5OKN5RH" name="testngscripts.Windowhandles" tests="1" failures="0" timestamp="14 Dec 2020 02:00:17 GMT" time="25.611" errors="0">
  <testcase name="Handlingwindow" time="25.611" classname="testngscripts.Windowhandles"/>
</testsuite> <!-- testngscripts.Windowhandles -->
