<?xml version="1.0" encoding="UTF-8"?>
<!-- Generated by org.testng.reporters.JUnitReportReporter -->
<testsuite hostname="DESKTOP-5OKN5RH" name="testngscripts.Capturescreenshot_pass" tests="1" failures="0" timestamp="15 Dec 2020 02:25:10 GMT" time="9.990" errors="0">
  <testcase name="uploadingfiles" time="9.990" classname="testngscripts.Capturescreenshot_pass"/>
</testsuite> <!-- testngscripts.Capturescreenshot_pass -->
