<?xml version="1.0" encoding="UTF-8"?>
<!-- Generated by org.testng.reporters.JUnitReportReporter -->
<testsuite hostname="DESKTOP-5OKN5RH" name="testngscripts.Orangehrm_webtable" tests="1" failures="0" timestamp="16 Dec 2020 02:18:23 GMT" time="13.877" errors="0">
  <testcase name="uploadingfiles" time="13.877" classname="testngscripts.Orangehrm_webtable"/>
</testsuite> <!-- testngscripts.Orangehrm_webtable -->
