<?xml version="1.0" encoding="UTF-8"?>
<!-- Generated by org.testng.reporters.JUnitReportReporter -->
<testsuite hostname="DESKTOP-5OKN5RH" name="testngscripts.Handling_webtable" tests="1" failures="0" timestamp="16 Dec 2020 02:11:09 GMT" time="6.172" errors="0">
  <testcase name="WebTable" time="6.172" classname="testngscripts.Handling_webtable"/>
</testsuite> <!-- testngscripts.Handling_webtable -->
