<?xml version="1.0" encoding="UTF-8"?>
<!-- Generated by org.testng.reporters.JUnitReportReporter -->
<testsuite hostname="DESKTOP-5OKN5RH" name="testngscripts.ReadTextfiledata" tests="1" failures="0" timestamp="22 Dec 2020 09:26:50 GMT" time="26.740" errors="0">
  <testcase name="Readdata" time="26.740" classname="testngscripts.ReadTextfiledata"/>
</testsuite> <!-- testngscripts.ReadTextfiledata -->
