<?xml version="1.0" encoding="UTF-8"?>
<!-- Generated by org.testng.reporters.JUnitReportReporter -->
<testsuite hostname="DESKTOP-5OKN5RH" name="testngscripts.Mouse_operation" tests="1" failures="0" timestamp="23 Dec 2020 01:55:37 GMT" time="9.474" errors="0">
  <testcase name="Addons" time="9.474" classname="testngscripts.Mouse_operation"/>
</testsuite> <!-- testngscripts.Mouse_operation -->
