<?xml version="1.0" encoding="UTF-8"?>
<!-- Generated by org.testng.reporters.JUnitReportReporter -->
<testsuite hostname="DESKTOP-5OKN5RH" name="testngscripts.Datadriventesting_jxl" tests="3" failures="0" timestamp="21 Dec 2020 02:19:34 GMT" time="42.259" errors="0">
  <testcase name="signup" time="14.324" classname="testngscripts.Datadriventesting_jxl"/>
  <testcase name="signup" time="13.915" classname="testngscripts.Datadriventesting_jxl"/>
  <testcase name="signup" time="14.020" classname="testngscripts.Datadriventesting_jxl"/>
</testsuite> <!-- testngscripts.Datadriventesting_jxl -->
