<?xml version="1.0" encoding="UTF-8"?>
<!-- Generated by org.testng.reporters.JUnitReportReporter -->
<testsuite hostname="DESKTOP-5OKN5RH" name="testngscripts.Orangehrmapp" tests="4" failures="0" timestamp="8 Dec 2020 02:21:49 GMT" time="113.915" errors="0">
  <testcase name="searchbutton" time="25.283" classname="testngscripts.Orangehrmapp"/>
  <testcase name="Deletebutton" time="31.557" classname="testngscripts.Orangehrmapp"/>
  <testcase name="Addbutton" time="31.997" classname="testngscripts.Orangehrmapp"/>
  <testcase name="Resetbutton" time="25.078" classname="testngscripts.Orangehrmapp"/>
</testsuite> <!-- testngscripts.Orangehrmapp -->
