<?xml version="1.0" encoding="UTF-8"?>
<!-- Generated by org.testng.reporters.JUnitReportReporter -->
<testsuite hostname="DESKTOP-5OKN5RH" name="testngscripts.Datadriventesting_Dataprovider" tests="3" failures="0" timestamp="21 Dec 2020 02:03:36 GMT" time="42.154" errors="0">
  <testcase name="signup" time="14.286" classname="testngscripts.Datadriventesting_Dataprovider"/>
  <testcase name="signup" time="14.285" classname="testngscripts.Datadriventesting_Dataprovider"/>
  <testcase name="signup" time="13.583" classname="testngscripts.Datadriventesting_Dataprovider"/>
</testsuite> <!-- testngscripts.Datadriventesting_Dataprovider -->
